<?xml version="1.0" encoding="UTF-8"?>
<!-- Generated by org.testng.reporters.JUnitXMLReporter -->
<testsuite ignored="0" hostname="LAPTOP-6O0LM9A2" failures="0" tests="2" name="Linux-Chrome-Test" time="16.881" errors="0" timestamp="2026-02-03T15:39:21 IST">
  <testcase classname="testCases.TC_001_AccountRegistrationTest" name="Verify_account_registration" time="5.267"/>
  <testcase classname="testCases.TC_002_LoginTest" name="Verify_login" time="2.292"/>
</testsuite> <!-- Linux-Chrome-Test -->
