<?xml version="1.0" encoding="UTF-8"?>
<!-- Generated by org.testng.reporters.JUnitXMLReporter -->
<testsuite ignored="0" hostname="LAPTOP-6O0LM9A2" failures="0" tests="2" name="Linux-Firefox-Test" time="27.976" errors="0" timestamp="2026-02-03T15:39:50 IST">
  <testcase classname="testCases.TC_001_AccountRegistrationTest" name="Verify_account_registration" time="2.921"/>
  <testcase classname="testCases.TC_002_LoginTest" name="Verify_login" time="2.066"/>
</testsuite> <!-- Linux-Firefox-Test -->
