<?xml version="1.0" encoding="UTF-8"?>
<testng-results ignored="0" total="4" passed="4" failed="0" skipped="0">
  <reporter-output>
  </reporter-output>
  <suite started-at="2026-02-03T15:39:02 IST" name="Master Suite" finished-at="2026-02-03T15:39:49 IST" duration-ms="47361">
    <groups>
      <group name="Master">
        <method signature="TC_001_AccountRegistrationTest.Verify_account_registration()[pri:0, instance:testCases.TC_001_AccountRegistrationTest@338c99c8]" name="Verify_account_registration" class="testCases.TC_001_AccountRegistrationTest"/>
        <method signature="TC_002_LoginTest.Verify_login()[pri:0, instance:testCases.TC_002_LoginTest@2796aeae]" name="Verify_login" class="testCases.TC_002_LoginTest"/>
        <method signature="TC_001_AccountRegistrationTest.Verify_account_registration()[pri:0, instance:testCases.TC_001_AccountRegistrationTest@66c61024]" name="Verify_account_registration" class="testCases.TC_001_AccountRegistrationTest"/>
        <method signature="TC_002_LoginTest.Verify_login()[pri:0, instance:testCases.TC_002_LoginTest@61fe30]" name="Verify_login" class="testCases.TC_002_LoginTest"/>
      </group> <!-- Master -->
      <group name="Sanity">
        <method signature="TC_001_AccountRegistrationTest.Verify_account_registration()[pri:0, instance:testCases.TC_001_AccountRegistrationTest@338c99c8]" name="Verify_account_registration" class="testCases.TC_001_AccountRegistrationTest"/>
        <method signature="TC_001_AccountRegistrationTest.Verify_account_registration()[pri:0, instance:testCases.TC_001_AccountRegistrationTest@66c61024]" name="Verify_account_registration" class="testCases.TC_001_AccountRegistrationTest"/>
      </group> <!-- Sanity -->
      <group name="Regression">
        <method signature="TC_002_LoginTest.Verify_login()[pri:0, instance:testCases.TC_002_LoginTest@2796aeae]" name="Verify_login" class="testCases.TC_002_LoginTest"/>
        <method signature="TC_002_LoginTest.Verify_login()[pri:0, instance:testCases.TC_002_LoginTest@61fe30]" name="Verify_login" class="testCases.TC_002_LoginTest"/>
      </group> <!-- Regression -->
    </groups>
    <test started-at="2026-02-03T15:39:02 IST" name="Linux-Chrome-Test" finished-at="2026-02-03T15:39:19 IST" duration-ms="16881">
      <class name="testCases.TC_001_AccountRegistrationTest">
        <test-method is-config="true" signature="setup(java.lang.String,java.lang.String)[pri:0, instance:testCases.TC_001_AccountRegistrationTest@338c99c8]" started-at="2026-02-03T15:39:02 IST" name="setup" finished-at="2026-02-03T15:39:08 IST" duration-ms="5298" status="PASS">
          <params>
            <param index="0">
              <value>
                <![CDATA[Linux]]>
              </value>
            </param>
            <param index="1">
              <value>
                <![CDATA[chrome]]>
              </value>
            </param>
          </params>
          <reporter-output>
          </reporter-output>
        </test-method> <!-- setup -->
        <test-method signature="Verify_account_registration()[pri:0, instance:testCases.TC_001_AccountRegistrationTest@338c99c8]" started-at="2026-02-03T15:39:08 IST" name="Verify_account_registration" finished-at="2026-02-03T15:39:13 IST" duration-ms="5267" status="PASS">
          <reporter-output>
          </reporter-output>
        </test-method> <!-- Verify_account_registration -->
        <test-method is-config="true" signature="tearDown()[pri:0, instance:testCases.TC_001_AccountRegistrationTest@338c99c8]" started-at="2026-02-03T15:39:13 IST" name="tearDown" finished-at="2026-02-03T15:39:14 IST" duration-ms="582" status="PASS">
          <reporter-output>
          </reporter-output>
        </test-method> <!-- tearDown -->
      </class> <!-- testCases.TC_001_AccountRegistrationTest -->
      <class name="testCases.TC_002_LoginTest">
        <test-method is-config="true" signature="setup(java.lang.String,java.lang.String)[pri:0, instance:testCases.TC_002_LoginTest@2796aeae]" started-at="2026-02-03T15:39:14 IST" name="setup" finished-at="2026-02-03T15:39:16 IST" duration-ms="2414" status="PASS">
          <params>
            <param index="0">
              <value>
                <![CDATA[Linux]]>
              </value>
            </param>
            <param index="1">
              <value>
                <![CDATA[chrome]]>
              </value>
            </param>
          </params>
          <reporter-output>
          </reporter-output>
        </test-method> <!-- setup -->
        <test-method signature="Verify_login()[pri:0, instance:testCases.TC_002_LoginTest@2796aeae]" started-at="2026-02-03T15:39:16 IST" name="Verify_login" finished-at="2026-02-03T15:39:18 IST" duration-ms="2292" status="PASS">
          <reporter-output>
          </reporter-output>
        </test-method> <!-- Verify_login -->
        <test-method is-config="true" signature="tearDown()[pri:0, instance:testCases.TC_002_LoginTest@2796aeae]" started-at="2026-02-03T15:39:18 IST" name="tearDown" finished-at="2026-02-03T15:39:19 IST" duration-ms="359" status="PASS">
          <reporter-output>
          </reporter-output>
        </test-method> <!-- tearDown -->
      </class> <!-- testCases.TC_002_LoginTest -->
    </test> <!-- Linux-Chrome-Test -->
    <test started-at="2026-02-03T15:39:21 IST" name="Linux-Firefox-Test" finished-at="2026-02-03T15:39:49 IST" duration-ms="27976">
      <class name="testCases.TC_001_AccountRegistrationTest">
        <test-method is-config="true" signature="setup(java.lang.String,java.lang.String)[pri:0, instance:testCases.TC_001_AccountRegistrationTest@66c61024]" started-at="2026-02-03T15:39:21 IST" name="setup" finished-at="2026-02-03T15:39:31 IST" duration-ms="9985" status="PASS">
          <params>
            <param index="0">
              <value>
                <![CDATA[Linux]]>
              </value>
            </param>
            <param index="1">
              <value>
                <![CDATA[firefox]]>
              </value>
            </param>
          </params>
          <reporter-output>
          </reporter-output>
        </test-method> <!-- setup -->
        <test-method signature="Verify_account_registration()[pri:0, instance:testCases.TC_001_AccountRegistrationTest@66c61024]" started-at="2026-02-03T15:39:31 IST" name="Verify_account_registration" finished-at="2026-02-03T15:39:34 IST" duration-ms="2921" status="PASS">
          <reporter-output>
          </reporter-output>
        </test-method> <!-- Verify_account_registration -->
        <test-method is-config="true" signature="tearDown()[pri:0, instance:testCases.TC_001_AccountRegistrationTest@66c61024]" started-at="2026-02-03T15:39:34 IST" name="tearDown" finished-at="2026-02-03T15:39:37 IST" duration-ms="2629" status="PASS">
          <reporter-output>
          </reporter-output>
        </test-method> <!-- tearDown -->
      </class> <!-- testCases.TC_001_AccountRegistrationTest -->
      <class name="testCases.TC_002_LoginTest">
        <test-method is-config="true" signature="setup(java.lang.String,java.lang.String)[pri:0, instance:testCases.TC_002_LoginTest@61fe30]" started-at="2026-02-03T15:39:37 IST" name="setup" finished-at="2026-02-03T15:39:45 IST" duration-ms="8058" status="PASS">
          <params>
            <param index="0">
              <value>
                <![CDATA[Linux]]>
              </value>
            </param>
            <param index="1">
              <value>
                <![CDATA[firefox]]>
              </value>
            </param>
          </params>
          <reporter-output>
          </reporter-output>
        </test-method> <!-- setup -->
        <test-method signature="Verify_login()[pri:0, instance:testCases.TC_002_LoginTest@61fe30]" started-at="2026-02-03T15:39:45 IST" name="Verify_login" finished-at="2026-02-03T15:39:47 IST" duration-ms="2066" status="PASS">
          <reporter-output>
          </reporter-output>
        </test-method> <!-- Verify_login -->
        <test-method is-config="true" signature="tearDown()[pri:0, instance:testCases.TC_002_LoginTest@61fe30]" started-at="2026-02-03T15:39:47 IST" name="tearDown" finished-at="2026-02-03T15:39:49 IST" duration-ms="2300" status="PASS">
          <reporter-output>
          </reporter-output>
        </test-method> <!-- tearDown -->
      </class> <!-- testCases.TC_002_LoginTest -->
    </test> <!-- Linux-Firefox-Test -->
  </suite> <!-- Master Suite -->
</testng-results>
