<?xml version="1.0" encoding="UTF-8"?>
<!-- Generated by org.testng.reporters.JUnitReportReporter -->
<testsuite hostname="LAPTOP-6O0LM9A2" failures="0" tests="2" name="testCases.TC_001_AccountRegistrationTest" time="8.188" errors="0" timestamp="2026-02-03T15:39:51 IST" skipped="0">
  <testcase classname="testCases.TC_001_AccountRegistrationTest" name="Verify_account_registration" time="5.267"/>
  <testcase classname="testCases.TC_001_AccountRegistrationTest" name="Verify_account_registration" time="2.921"/>
</testsuite> <!-- testCases.TC_001_AccountRegistrationTest -->
