<?xml version="1.0" encoding="UTF-8"?>
<!-- Generated by org.testng.reporters.JUnitReportReporter -->
<testsuite hostname="LAPTOP-6O0LM9A2" failures="0" tests="5" name="testCases.TC_003_LoginDataDrivenTest" time="41.372" errors="0" timestamp="2026-01-31T17:06:39 IST" skipped="0">
  <testcase classname="testCases.TC_003_LoginDataDrivenTest" name="Verify_Login_DDT" time="12.664"/>
  <testcase classname="testCases.TC_003_LoginDataDrivenTest" name="Verify_Login_DDT" time="1.795"/>
  <testcase classname="testCases.TC_003_LoginDataDrivenTest" name="Verify_Login_DDT" time="11.585"/>
  <testcase classname="testCases.TC_003_LoginDataDrivenTest" name="Verify_Login_DDT" time="3.168"/>
  <testcase classname="testCases.TC_003_LoginDataDrivenTest" name="Verify_Login_DDT" time="12.160"/>
</testsuite> <!-- testCases.TC_003_LoginDataDrivenTest -->
